<?xml version="1.0" encoding="UTF-8"?>
<testng-results total="3" passed="3" failed="0" skipped="0">
  <reporter-output>
  </reporter-output>
  <suite started-at="2022-10-20T12:42:48Z" name="Surefire suite" finished-at="2022-10-20T12:43:17Z" duration-ms="29625">
    <groups>
    </groups>
    <test started-at="2022-10-20T12:42:48Z" name="Surefire test" finished-at="2022-10-20T12:43:17Z" duration-ms="29625">
      <class name="TestNG.testng">
        <test-method is-config="true" signature="BT()[pri:0, instance:TestNG.testng@76329302]" started-at="2022-10-20T18:12:48Z" name="BT" finished-at="2022-10-20T18:13:00Z" duration-ms="11657" status="PASS">
          <reporter-output>
          </reporter-output>
        </test-method> <!-- BT -->
        <test-method signature="testcase1()[pri:0, instance:TestNG.testng@76329302]" started-at="2022-10-20T18:13:00Z" name="testcase1" finished-at="2022-10-20T18:13:03Z" duration-ms="3287" status="PASS">
          <reporter-output>
          </reporter-output>
        </test-method> <!-- testcase1 -->
        <test-method signature="testcase2()[pri:1, instance:TestNG.testng@76329302]" started-at="2022-10-20T18:13:03Z" name="testcase2" finished-at="2022-10-20T18:13:04Z" duration-ms="868" status="PASS">
          <reporter-output>
          </reporter-output>
        </test-method> <!-- testcase2 -->
        <test-method signature="testcase3()[pri:2, instance:TestNG.testng@76329302]" started-at="2022-10-20T18:13:04Z" name="testcase3" finished-at="2022-10-20T18:13:14Z" duration-ms="10444" status="PASS">
          <reporter-output>
          </reporter-output>
        </test-method> <!-- testcase3 -->
        <test-method is-config="true" signature="B()[pri:0, instance:TestNG.testng@76329302]" started-at="2022-10-20T18:13:14Z" name="B" finished-at="2022-10-20T18:13:17Z" duration-ms="3356" status="PASS">
          <reporter-output>
          </reporter-output>
        </test-method> <!-- B -->
      </class> <!-- TestNG.testng -->
    </test> <!-- Surefire test -->
  </suite> <!-- Surefire suite -->
</testng-results>
