<?xml version="1.0" encoding="UTF-8"?>
<testng-results total="3" passed="3" failed="0" skipped="0">
  <reporter-output>
  </reporter-output>
  <suite started-at="2022-10-30T16:04:49Z" name="Default suite" finished-at="2022-10-30T16:05:28Z" duration-ms="39070">
    <groups>
    </groups>
    <test started-at="2022-10-30T16:04:49Z" name="Default test" finished-at="2022-10-30T16:05:28Z" duration-ms="39070">
      <class name="TestNG.testng">
        <test-method is-config="true" signature="BT()[pri:0, instance:TestNG.testng@7fcf2fc1]" started-at="2022-10-30T21:34:49Z" name="BT" finished-at="2022-10-30T21:35:05Z" duration-ms="16397" status="PASS">
          <reporter-output>
          </reporter-output>
        </test-method> <!-- BT -->
        <test-method signature="testcase1()[pri:0, instance:TestNG.testng@7fcf2fc1]" started-at="2022-10-30T21:35:05Z" name="testcase1" finished-at="2022-10-30T21:35:08Z" duration-ms="3310" status="PASS">
          <reporter-output>
          </reporter-output>
        </test-method> <!-- testcase1 -->
        <test-method signature="testcase2()[pri:1, instance:TestNG.testng@7fcf2fc1]" started-at="2022-10-30T21:35:08Z" name="testcase2" finished-at="2022-10-30T21:35:10Z" duration-ms="1327" status="PASS">
          <reporter-output>
          </reporter-output>
        </test-method> <!-- testcase2 -->
        <test-method signature="testcase3()[pri:2, instance:TestNG.testng@7fcf2fc1]" started-at="2022-10-30T21:35:10Z" name="testcase3" finished-at="2022-10-30T21:35:24Z" duration-ms="14501" status="PASS">
          <reporter-output>
          </reporter-output>
        </test-method> <!-- testcase3 -->
        <test-method is-config="true" signature="B()[pri:0, instance:TestNG.testng@7fcf2fc1]" started-at="2022-10-30T21:35:24Z" name="B" finished-at="2022-10-30T21:35:28Z" duration-ms="3513" status="PASS">
          <reporter-output>
          </reporter-output>
        </test-method> <!-- B -->
      </class> <!-- TestNG.testng -->
    </test> <!-- Default test -->
  </suite> <!-- Default suite -->
</testng-results>
